{"key":"new-user-onboarding123","level":"info","message":"Creating new feature flag","name":"New User Onboarding123","service":"flag-forge","timestamp":"2026-01-20T19:03:51.290Z"}
{"key":"new-user-onboarding123","level":"info","message":"Creating feature flag in service layer","name":"New User Onboarding123","service":"flag-forge","timestamp":"2026-01-20T19:03:51.292Z"}
{"environments":["local","staging","production"],"key":"new-user-onboarding123","level":"info","message":"Feature flags created for all environments","service":"flag-forge","timestamp":"2026-01-20T19:03:57.993Z"}
{"key":"new-user-onboarding123","level":"info","message":"Feature flag creation completed successfully","service":"flag-forge","timestamp":"2026-01-20T19:03:58.525Z"}
{"key":"new-user-onboarding123","level":"info","message":"Feature flag created successfully","service":"flag-forge","timestamp":"2026-01-20T19:03:58.526Z"}
2026-01-21 00:35:15 [combine.js:20] info: Creating new feature flag {"service":"flag-forge","key":"new-user-onboarding1234","name":"New User Onboarding1234"}
2026-01-21 00:35:15 [combine.js:20] info: Creating feature flag in service layer {"service":"flag-forge","key":"new-user-onboarding1234","name":"New User Onboarding1234"}
2026-01-21 00:35:20 [combine.js:20] info: Feature flags created for all environments {"service":"flag-forge","key":"new-user-onboarding1234","environments":["local","staging","production"]}
2026-01-21 00:35:21 [combine.js:20] info: Feature flag creation completed successfully {"service":"flag-forge","key":"new-user-onboarding1234"}
2026-01-21 00:35:21 [combine.js:20] info: Feature flag created successfully {"service":"flag-forge","key":"new-user-onboarding1234"}
2026-01-21 00:36:22 [unknown:0] info: Creating new feature flag {"service":"flag-forge","key":"new-user-onboarding12345","name":"New User Onboarding12345"}
2026-01-21 00:36:22 [unknown:0] info: Creating feature flag in service layer {"service":"flag-forge","key":"new-user-onboarding12345","name":"New User Onboarding12345"}
2026-01-21 00:36:27 [unknown:0] info: Feature flags created for all environments {"service":"flag-forge","key":"new-user-onboarding12345","environments":["local","staging","production"]}
2026-01-21 00:36:27 [unknown:0] info: Feature flag creation completed successfully {"service":"flag-forge","key":"new-user-onboarding12345"}
2026-01-21 00:36:27 [unknown:0] info: Feature flag created successfully {"service":"flag-forge","key":"new-user-onboarding12345"}
{"level":"info","message":"Server is running on port 8000","service":"flag-forge","timestamp":"2026-01-20T19:15:03.475Z"}
{"key":"new-user-onboarding12345","level":"info","message":"Creating new feature flag","name":"New User Onboarding12345","service":"flag-forge","timestamp":"2026-01-20T19:15:21.455Z"}
{"key":"new-user-onboarding12345","level":"info","message":"Creating feature flag in service layer","name":"New User Onboarding12345","service":"flag-forge","timestamp":"2026-01-20T19:15:21.456Z"}
{"key":"new-user-onboarding12345","level":"warn","message":"Feature flag already exists","service":"flag-forge","timestamp":"2026-01-20T19:15:24.301Z"}
{"error":"Feature flag with key 'new-user-onboarding12345' already exists","key":"new-user-onboarding12345","level":"error","message":"Error creating feature flag","service":"flag-forge","timestamp":"2026-01-20T19:15:24.302Z"}
